<?xml version="1.0" encoding="UTF-8"?>
<!-- Generated by org.testng.reporters.JUnitXMLReporter -->
<testsuite hostname="Prakashs-MacBook-Pro.local" ignored="6" name="Default test" tests="2" failures="0" timestamp="2021-12-07T09:32:16 PST" time="7.854" errors="0">
  <testcase name="getCredentialsFromDP" time="0.009" classname="com.qa.api.lms.config.BasicAuthConfigTest"/>
  <testcase name="createProgramWithAlreadyDeletedDataTest" time="7.044" classname="com.qa.api.lms.tests.CreateProgramTest"/>
  <testcase name="createProgramWithNullValuesForProgramDecriptionTest" time="0.0" classname="com.qa.api.lms.tests.CreateProgramTest">
    <ignored/>
  </testcase> <!-- createProgramWithNullValuesForProgramDecriptionTest -->
  <testcase name="createProgramWithExistingIdTest" time="0.0" classname="com.qa.api.lms.tests.CreateProgramTest">
    <ignored/>
  </testcase> <!-- createProgramWithExistingIdTest -->
  <testcase name="createProgramWithInvalidProgramNameAsNullTest" time="0.0" classname="com.qa.api.lms.tests.CreateProgramTest">
    <ignored/>
  </testcase> <!-- createProgramWithInvalidProgramNameAsNullTest -->
  <testcase name="createProgramWithInvalidProgramNameAsEmptyTest" time="0.0" classname="com.qa.api.lms.tests.CreateProgramTest">
    <ignored/>
  </testcase> <!-- createProgramWithInvalidProgramNameAsEmptyTest -->
  <testcase name="createProgramTest" time="0.0" classname="com.qa.api.lms.tests.CreateProgramTest">
    <ignored/>
  </testcase> <!-- createProgramTest -->
  <testcase name="getAllPrograms_WithNoAuthTest" time="0.0" classname="com.qa.api.lms.config.BasicAuthConfigTest">
    <ignored/>
  </testcase> <!-- getAllPrograms_WithNoAuthTest -->
</testsuite> <!-- Default test -->
