<?xml version="1.0" encoding="UTF-8"?>
<!-- Generated by org.testng.reporters.JUnitXMLReporter -->
<testsuite hostname="Prakashs-MacBook-Pro.local" ignored="0" name="Rest API regression Test" tests="15" failures="0" timestamp="2021-12-23T17:05:09 PST" time="19.377" errors="0">
  <testcase name="getCredentialsFromDP" time="0.316" classname="com.qa.api.lms.tests.BasicAuthConfigTest"/>
  <testcase name="getAllPrograms_WithNoAuthTest" time="4.944" classname="com.qa.api.lms.tests.BasicAuthConfigTest"/>
  <testcase name="getAllProgramsTest" time="6.456" classname="com.qa.api.lms.tests.GetProgramsTest"/>
  <testcase name="createProgramTest" time="7.034" classname="com.qa.api.lms.tests.CreateProgramTest"/>
  <testcase name="getAllPrograms_WithInvalidURLTest" time="0.894" classname="com.qa.api.lms.tests.GetProgramsTest"/>
  <testcase name="getProgramById" time="0.577" classname="com.qa.api.lms.tests.GetProgramsTest"/>
  <testcase name="updateProgramTest" time="8.107" classname="com.qa.api.lms.tests.UpdateProgramTest"/>
  <testcase name="getProgramById_ProgramNotAvailable" time="0.521" classname="com.qa.api.lms.tests.GetProgramsTest"/>
  <testcase name="getProgramByZeroId_Test" time="0.631" classname="com.qa.api.lms.tests.GetProgramsTest"/>
  <testcase name="createProgramWithExistingIdTest" time="2.551" classname="com.qa.api.lms.tests.CreateProgramTest"/>
  <testcase name="deleteProgramTest" time="1.633" classname="com.qa.api.lms.tests.DeleteProgramTest"/>
  <testcase name="createProgramWithInvalidProgramNameAsEmptyTest" time="0.526" classname="com.qa.api.lms.tests.CreateProgramTest"/>
  <testcase name="createProgramWithInvalidProgramNameAsNullTest" time="0.524" classname="com.qa.api.lms.tests.CreateProgramTest"/>
  <testcase name="createProgramWithNullValuesForProgramDecriptionTest" time="1.177" classname="com.qa.api.lms.tests.CreateProgramTest"/>
  <testcase name="deleteProgramTest_ProgramNotAvailable" time="2.093" classname="com.qa.api.lms.tests.DeleteProgramTest"/>
</testsuite> <!-- Rest API regression Test -->
